scons: Reading SConscript files ...
scons: done reading SConscript files.
scons: Building targets ...
scons: building associated VariantDir targets: debug release
gcc -o release/barexec/main.o -c -Wall -O -DNDEBUG -Ifoolib/inc release/barexec/main.c
gcc -o release/barexec/bar release/barexec/main.o -lfoo
ld: library not found for -lfoo
clang: error: linker command failed with exit code 1 (use -v to see invocation)
scons: *** [release/barexec/bar] Error 1
+-.
  +-SConscript
  +-SConstruct
  +-barexec
  | +-barexec/SConscript
  | +-barexec/main.c
  +-debug
  | +-debug/SConscript
  | +-debug/barexec
  | | +-debug/barexec/SConscript
  | | +-debug/barexec/bar
  | | | +-debug/barexec/main.o
  | | | | +-debug/barexec/main.c
  | | | | +-/usr/bin/gcc
  | | | +-/usr/bin/gcc
  | | +-debug/barexec/main.c
  | | +-[debug/barexec/main.o]
  | +-debug/foolib
  |   +-debug/foolib/SConscript
  |   +-debug/foolib/foo.c
  |   +-debug/foolib/foo.os
  |   | +-debug/foolib/foo.c
  |   | +-/usr/bin/gcc
  |   +-debug/foolib/libfoo.dylib
  |     +-[debug/foolib/foo.os]
  |     +-/usr/bin/gcc
  +-foolib
  | +-foolib/SConscript
  | +-foolib/foo.c
  | +-foolib/inc
  | +-foolib/internal
  |   +-foolib/internal/inc
  +-release
    +-release/SConscript
    +-release/barexec
    | +-release/barexec/SConscript
    | +-release/barexec/bar
    | | +-release/barexec/main.o
    | | | +-release/barexec/main.c
    | | | +-/usr/bin/gcc
    | | +-/usr/bin/gcc
    | +-release/barexec/main.c
    | +-[release/barexec/main.o]
    +-release/foolib
      +-release/foolib/SConscript
      +-release/foolib/foo.c
      +-release/foolib/foo.os
      | +-release/foolib/foo.c
      | +-/usr/bin/gcc
      +-release/foolib/libfoo.dylib
        +-[release/foolib/foo.os]
        +-/usr/bin/gcc
scons: building terminated because of errors.
